2021-07-28 13:44:10,777 [      0]   INFO -        #com.intellij.idea.Main - ------------------------------------------------------ IDE STARTED ------------------------------------------------------ 
2021-07-28 13:44:11,092 [    315]   INFO -        #com.intellij.idea.Main - IDE: IntelliJ IDEA (build #IC-212.4746.92, 27 Jul 2021 12:38) 
2021-07-28 13:44:11,108 [    331]   INFO -        #com.intellij.idea.Main - OS: Linux (5.4.0-80-generic, amd64) 
2021-07-28 13:44:11,134 [    357]   INFO -        #com.intellij.idea.Main - JRE: 11.0.11+9-b1504.13 (JetBrains s.r.o.) 
2021-07-28 13:44:11,134 [    357]   INFO -        #com.intellij.idea.Main - JVM: 11.0.11+9-b1504.13 (OpenJDK 64-Bit Server VM) 
2021-07-28 13:44:11,144 [    367]   INFO -        #com.intellij.idea.Main - JVM Args: -Didea.auto.reload.plugins=true -Didea.classpath.index.enabled=false -Didea.config.path=/home/praveen/IdeaProjects/footwear_shop/build/idea-sandbox/config -Didea.is.internal=true -Didea.platform.prefix=Idea -Didea.plugins.path=/home/praveen/IdeaProjects/footwear_shop/build/idea-sandbox/plugins -Didea.required.plugins.id=org.example.footwear_shop -Didea.system.path=/home/praveen/IdeaProjects/footwear_shop/build/idea-sandbox/system -Dsun.awt.disablegrab=true -Xms256m -Xmx512m -Dfile.encoding=UTF-8 -Duser.country=US -Duser.language=en -Duser.variant -ea 
2021-07-28 13:44:11,145 [    368]   INFO -        #com.intellij.idea.Main - library path: /usr/java/packages/lib:/usr/lib64:/lib64:/lib:/usr/lib 
2021-07-28 13:44:11,145 [    368]   INFO -        #com.intellij.idea.Main - boot library path: /home/praveen/.gradle/caches/modules-2/files-2.1/com.jetbrains/jbre/jbr_jcef-11_0_11-linux-x64-b1504.13/extracted/jbr/lib 
2021-07-28 13:44:11,242 [    465]   INFO -        #com.intellij.idea.Main - locale=en_US JNU=UTF-8 file.encoding=UTF-8
  idea.config.path=/home/praveen/IdeaProjects/footwear_shop/build/idea-sandbox/config
  idea.system.path=/home/praveen/IdeaProjects/footwear_shop/build/idea-sandbox/system
  idea.plugins.path=/home/praveen/IdeaProjects/footwear_shop/build/idea-sandbox/plugins
  idea.log.path=/home/praveen/IdeaProjects/footwear_shop/build/idea-sandbox/system/log 
2021-07-28 13:44:11,354 [    577]   INFO -        #com.intellij.idea.Main - CPU cores: 8; ForkJoinPool.commonPool: java.util.concurrent.ForkJoinPool@25139ac4[Running, parallelism = 7, size = 7, active = 6, running = 4, steals = 1, tasks = 0, submissions = 0]; factory: com.intellij.concurrency.IdeaForkJoinWorkerThreadFactory@6b02d3d5 
2021-07-28 13:44:11,551 [    774]   INFO -        #com.intellij.idea.Main - JNA library (64-bit) loaded in 196 ms 
2021-07-28 13:44:13,473 [   2696]   INFO - llij.ide.plugins.PluginManager - Plugin PluginDescriptor(name=Groovy, id=org.intellij.groovy, descriptorPath=plugin.xml, path=~/.gradle/caches/modules-2/files-2.1/com.jetbrains.intellij.idea/ideaIC/2021.2/b0727ceddea2b62b16825db9308e14a470198e7f/ideaIC-2021.2/plugins/Groovy, version=212.4746.92, package=org.jetbrains.plugins.groovy) misses optional descriptor duplicates-groovy.xml 
2021-07-28 13:44:13,484 [   2707]   INFO - llij.ide.plugins.PluginManager - Plugin PluginDescriptor(name=Groovy, id=org.intellij.groovy, descriptorPath=plugin.xml, path=~/.gradle/caches/modules-2/files-2.1/com.jetbrains.intellij.idea/ideaIC/2021.2/b0727ceddea2b62b16825db9308e14a470198e7f/ideaIC-2021.2/plugins/Groovy, version=212.4746.92, package=org.jetbrains.plugins.groovy) misses optional descriptor duplicates-detection-groovy.xml 
2021-07-28 13:44:20,155 [   9378]   INFO - llij.ide.plugins.PluginManager - Loaded bundled plugins: IDEA CORE (212.4746.92), Configuration Script (212.4746.92), Dependency Management Api for External Build Tools (212.4746.92), JetBrains maven model api classes (212.4746.92), JetBrains Repository Search (212.4746.92), WSL File System Support (212.4746.92), Perforce Helix Core (212.4746.92), Subversion (212.4746.92), XPathView + XSLT (212.4746.92), XSLT Debugger (212.4746.92), Smali Support (212.4746.92), Machine Learning Code Completion (212.4746.92), Copyright (212.4746.92), Images (212.4746.92), macOS Light Theme (212.4746.92), Windows 10 Light Theme (212.4746.92), JetBrains Marketplace Licensing Support (212.4746.92), Properties (212.4746.92), Gradle (212.4746.92), Mercurial (212.4746.92), WebP Support (212.4746.92), EditorConfig (212.4746.92), Emoji Picker (212.4746.92), Terminal (212.4746.92), Git (212.4746.92), ChangeReminder (212.4746.92), Shell Script (212.4746.92), TextMate Bundles (212.4746.92), YAML (212.4746.92), Settings Repository (212.4746.92), IDE Features Trainer (212.4746.92), IDE Features Trainer: Git Lessons (212.4746.92), Java (212.4746.92), Ant (212.4746.92), Bytecode Viewer (212.4746.92), JUnit (212.4746.92), Lombok (212.4746.92), Java Internationalization (212.4746.92), UI Designer (212.4746.92), Java IDE Customization (212.4746.92), Java Stream Debugger (212.4746.92), Eclipse Interoperability (212.4746.92), Java Bytecode Decompiler (212.4746.92), JavaFX (212.4746.92), Task Management (212.4746.92), Code With Me (212.4746.92), Shared Indexes (212.4746.92), IntelliLang (212.4746.92), Groovy (212.4746.92), Maven (212.4746.92), TestNG (212.4746.92), Code Coverage for Java (212.4746.92), Gradle-Java (212.4746.92), Gradle-Maven (212.4746.92), Plugin DevKit (212.4746.92), Markdown (212.4746.92), GitHub (212.4746.92), Grazie (212.4746.92), Kotlin (212-1.5.10-release-IJ4746.92), Space (212.4746.92), Package Search (212.4746.92), Gradle DSL API (212.4746.92), Android (10.4.2.212.4746.92), Gradle Dependency Updater Implementation (212.4746.92) 
2021-07-28 13:44:20,156 [   9379]   INFO - llij.ide.plugins.PluginManager - Loaded custom plugins: Plugin display name here (1.0-SNAPSHOT) 
2021-07-28 13:44:39,333 [  28556]   INFO -        #com.intellij.idea.Main - WM detected: GNOME Shell 
2021-07-28 13:44:46,324 [  35547]   INFO - rains.ide.BuiltInServerManager - built-in server started, port 63343 
2021-07-28 13:44:46,873 [  36096]   WARN - j.internal.DebugAttachDetector - Unable to start DebugAttachDetector, please add `--add-exports java.base/jdk.internal.vm=ALL-UNNAMED` to VM options 
2021-07-28 13:44:47,382 [  36605]   INFO - ication.options.PathMacrosImpl - Loaded path macros: {MAVEN_REPOSITORY=/home/praveen/.m2/repository, KOTLIN_BUNDLED=/home/praveen/.gradle/caches/modules-2/files-2.1/com.jetbrains.intellij.idea/ideaIC/2021.2/b0727ceddea2b62b16825db9308e14a470198e7f/ideaIC-2021.2/plugins/Kotlin/kotlinc} 
2021-07-28 13:44:47,430 [  36653]   INFO - intellij.diagnostic.JitWatcher - JIT compilation state checking enabled 
2021-07-28 13:44:47,523 [  36746]   INFO - intellij.util.io.FilePageCache - lower=100; upper=492; buffer=10; max=492 
2021-07-28 13:44:47,705 [  36928]   INFO - til.net.ssl.CertificateManager - Default SSL context initialized 
2021-07-28 13:44:47,809 [  37032]   INFO - rsistent.PersistentFSConnector - Marking VFS as corrupted: '/home/praveen/IdeaProjects/footwear_shop/build/idea-sandbox/system/caches/names.dat' does not exist 
2021-07-28 13:44:47,896 [  37119]   INFO - .history.utils.LocalHistoryLog - local history version mismatch (was: 0, expected: 6), rebuilding... 
2021-07-28 13:44:47,896 [  37119]   INFO - .history.utils.LocalHistoryLog - FS has been rebuild, rebuilding local history... 
2021-07-28 13:44:48,633 [  37856]   INFO - penapi.application.Experiments - Experimental features enabled for user: wsl.p9.support, wsl.prefer.p9.support, wsl.p9.show.roots.in.file.chooser, wsl.execute.with.wsl.exe, linux.native.menu, recent.and.edited.files.together, show.create.new.element.in.popup, search.everywhere.mixed.results, editor.reader.mode, new.large.text.file.viewer, wsl.fsd.content.loader, terminal.shell.command.handling 
2021-07-28 13:44:48,866 [  38089]   INFO - ings.impl.UpdateCheckerService - channel: release 
2021-07-28 13:44:50,324 [  39547]   INFO - ntellij.idea.ApplicationLoader - Input method disabler: canDisableInputMethod spent 1732 ms, found keyboard layouts: [(us, xkb), ], result==true 
2021-07-28 13:44:50,695 [  39918]   INFO - il.indexing.FileBasedIndexImpl - Indexes are corrupted and will be rebuilt (reason = ) 
2021-07-28 13:44:50,751 [  39974]   INFO - impl.SharedIndexInfrastructure - Shared index version updated from -1 to 7 
2021-07-28 13:44:50,775 [  39998]   INFO - impl.SharedIndexInfrastructure - Shared index persistent data has been cleared 
2021-07-28 13:44:50,792 [  40015]   WARN - l.NotificationGroupManagerImpl - Notification group CodeWithMe is already registered (group=com.intellij.notification.NotificationGroup@16e35e52). Plugin descriptor: PluginDescriptor(name=Code With Me, id=com.jetbrains.codeWithMe, descriptorPath=plugin.xml, path=~/.gradle/caches/modules-2/files-2.1/com.jetbrains.intellij.idea/ideaIC/2021.2/b0727ceddea2b62b16825db9308e14a470198e7f/ideaIC-2021.2/plugins/cwm-plugin, version=212.4746.92, package=null) 
2021-07-28 13:44:50,869 [  40092]   INFO - impl.SharedIndexMainZipStorage - Shared Indexes Storage is opened and empty 
2021-07-28 13:44:50,874 [  40097]   INFO - stubs.SerializationManagerImpl - Name storage is repaired 
2021-07-28 13:44:50,892 [  40115]   INFO - impl.SharedIndexMainZipStorage - Shared Indexes Storage is opened and empty 
2021-07-28 13:44:50,894 [  40117]   INFO - impl.SharedIndexInfrastructure - Shared index persistent data has been cleared 
2021-07-28 13:44:52,896 [  42119]   WARN - arketplace.MarketplaceRequests - Error reading Marketplace file: com.fasterxml.jackson.databind.JsonMappingException: Unexpected end-of-input in field name
 at [Source: (BufferedReader); line: 1, column: 1047928] (through reference chain: java.util.ArrayList[8008]) (file=/home/praveen/IdeaProjects/footwear_shop/build/idea-sandbox/plugins/brokenPlugins.json URL=https://plugins.jetbrains.com/files/brokenPlugins.json) 
2021-07-28 13:44:52,896 [  42119]   WARN - arketplace.MarketplaceRequests - Can not get broken plugins file from Marketplace: Unexpected end-of-input in field name
 at [Source: (BufferedReader); line: 1, column: 1047928] (through reference chain: java.util.ArrayList[8008]) 
2021-07-28 13:44:53,044 [  42267]   INFO - penapi.wm.impl.GlobalMenuLinux - Start glib main loop in thread: GlobalMenuLinux loop 
2021-07-28 13:44:53,053 [  42276]   INFO - penapi.wm.impl.GlobalMenuLinux - Closed dbus-service 'com.canonical.AppMenu.Registrar' 
2021-07-28 13:44:53,070 [  42293]   INFO - pl.local.NativeFileWatcherImpl - Starting file watcher: /home/praveen/.gradle/caches/modules-2/files-2.1/com.jetbrains.intellij.idea/ideaIC/2021.2/b0727ceddea2b62b16825db9308e14a470198e7f/ideaIC-2021.2/bin/linux/fsnotifier 
2021-07-28 13:44:53,252 [  42475]   INFO - pl.local.NativeFileWatcherImpl - Native file watcher is operational. 
2021-07-28 13:44:53,371 [  42594]   WARN - arketplace.MarketplaceRequests - Error reading Marketplace file: com.fasterxml.jackson.databind.JsonMappingException: Unexpected end-of-input: was expecting closing quote for a string value
 at [Source: (BufferedReader); line: 1, column: 32121] (through reference chain: java.util.HashSet[1416]) (file=/home/praveen/IdeaProjects/footwear_shop/build/idea-sandbox/plugins/pluginsXMLIds.json URL=https://plugins.jetbrains.com/files/pluginsXMLIds.json) 
2021-07-28 13:44:53,371 [  42594]   INFO - ateSettings.impl.UpdateChecker - failed to load plugins from default repository: Unexpected end-of-input: was expecting closing quote for a string value
 at [Source: (BufferedReader); line: 1, column: 32121] (through reference chain: java.util.HashSet[1416]) 
2021-07-28 13:44:55,841 [  45064]   INFO - dea.updater.SdkComponentSource - File /home/praveen/.android/repositories.cfg could not be loaded. 
2021-07-28 13:44:55,842 [  45065]   INFO - dea.updater.SdkComponentSource - Downloading https://dl.google.com/android/repository/addons_list-3.xml 
2021-07-28 13:44:55,886 [  45109]   INFO - il.indexing.FileBasedIndexImpl - Indexes to be rebuilt after corruption:FilenameIndex(v = 3),FrameworkDetectionIndex(v = 65536),TodoIndex(v = 4107),IdIndex(v = 4113),filetypes(v = 258),Stubs(v = 46),Trigram.Index(v = 4099),fileIncludes(v = 6),DomFileIndex(v = 0),RelaxSymbolIndex(v = 0),XmlTagNames(v = 1),XmlNamespaces(v = 8),html5.custom.attributes.index(v = 1),SchemaTypeInheritance(v = 2),json.file.root.values(v = 5),XsltSymbolIndex(v = 0),xmlProperties(v = 2),editorconfig.index.name(v = 5),yaml.keys.name(v = 1),bytecodeAnalysis(v = 4107),java.auto.module.name(v = 5),java.source.module.name(v = 3),java.null.method.argument(v = 4097),java.fun.expression(v = 4102),java.binary.plus.expression(v = 4100),ant-imports(v = 5),LombokConfigIndex(v = 11),com.intellij.uiDesigner.FormClassIndex(v = 0),JavaFxControllerClassIndex(v = 1),javafx.id.name(v = 3),javafx.custom.component(v = 2),groovy.trait.fields(v = 5),groovy.trait.methods(v = 32),IdeaPluginRegistrationIndex(v = 3),PluginIdModuleIndex(v = 2),PluginIdDependenciesIndex(v = 5),devkit.ExtensionPointIndex(v = 0),devkit.ExtensionPointClassIndex(v = 1),org.jetbrains.kotlin.idea.versions.KotlinJvmMetadataVersionIndex(v = 5),org.jetbrains.kotlin.idea.versions.KotlinJsMetadataVersionIndex(v = 3),org.jetbrains.kotlin.idea.vfilefinder.KotlinClassFileIndex(v = 3),org.jetbrains.kotlin.idea.vfilefinder.KotlinJavaScriptMetaFileIndex(v = 4),org.jetbrains.kotlin.idea.vfilefinder.KotlinMetadataFileIndex(v = 1),org.jetbrains.kotlin.idea.vfilefinder.KotlinMetadataFilePackageIndex(v = 1),org.jetbrains.kotlin.idea.vfilefinder.KotlinModuleMappingIndex(v = 5),org.jetbrains.kotlin.idea.vfilefinder.KotlinPackageSourcesMemberNamesIndex(v = 2),org.jetbrains.kotlin.idea.vfilefinder.KotlinJvmModuleAnnotationsIndex(v = 1),org.jetbrains.kotlin.idea.vfilefinder.KotlinBuiltInsMetadataIndex(v = 1),org.jetbrains.kotlin.idea.vfilefinder.KotlinStdlibIndex(v = 1),org.jetbrains.kotlin.idea.vfilefinder.KlibMetaFileIndex(v = 4),com.android.tools.idea.model.AndroidManifestIndex$Companion$NAME$1.NAME(v = 10),BindingXmlIndex(v = 8),MlModelFileIndex(v = 6),NavXmlIndex(v = 8) 
2021-07-28 13:44:55,895 [  45118]   INFO - leBasedIndexDataInitialization - Index data initialization done: 7605 ms. Initialized indexes: [FilenameIndex, FrameworkDetectionIndex, TodoIndex, IdIndex, filetypes, Stubs, Trigram.Index, fileIncludes, DomFileIndex, RelaxSymbolIndex, XmlTagNames, XmlNamespaces, html5.custom.attributes.index, SchemaTypeInheritance, json.file.root.values, XsltSymbolIndex, xmlProperties, editorconfig.index.name, yaml.keys.name, bytecodeAnalysis, java.auto.module.name, java.source.module.name, java.null.method.argument, java.fun.expression, java.binary.plus.expression, ant-imports, LombokConfigIndex, com.intellij.uiDesigner.FormClassIndex, JavaFxControllerClassIndex, javafx.id.name, javafx.custom.component, groovy.trait.fields, groovy.trait.methods, IdeaPluginRegistrationIndex, PluginIdModuleIndex, PluginIdDependenciesIndex, devkit.ExtensionPointIndex, devkit.ExtensionPointClassIndex, org.jetbrains.kotlin.idea.versions.KotlinJvmMetadataVersionIndex, org.jetbrains.kotlin.idea.versions.KotlinJsMetadataVersionIndex, org.jetbrains.kotlin.idea.vfilefinder.KotlinClassFileIndex, org.jetbrains.kotlin.idea.vfilefinder.KotlinJavaScriptMetaFileIndex, org.jetbrains.kotlin.idea.vfilefinder.KotlinMetadataFileIndex, org.jetbrains.kotlin.idea.vfilefinder.KotlinMetadataFilePackageIndex, org.jetbrains.kotlin.idea.vfilefinder.KotlinModuleMappingIndex, org.jetbrains.kotlin.idea.vfilefinder.KotlinPackageSourcesMemberNamesIndex, org.jetbrains.kotlin.idea.vfilefinder.KotlinJvmModuleAnnotationsIndex, org.jetbrains.kotlin.idea.vfilefinder.KotlinBuiltInsMetadataIndex, org.jetbrains.kotlin.idea.vfilefinder.KotlinStdlibIndex, org.jetbrains.kotlin.idea.vfilefinder.KlibMetaFileIndex, com.android.tools.idea.model.AndroidManifestIndex$Companion$NAME$1.NAME, BindingXmlIndex, MlModelFileIndex, NavXmlIndex]. 
2021-07-28 13:44:55,896 [  45119]   WARN - .diagnostic.PerformanceWatcher - UI was frozen for 7282ms, details saved to /home/praveen/IdeaProjects/footwear_shop/build/idea-sandbox/system/log/threadDumps-freeze-20210728-134453-IC-212.4746.92-7sec 
2021-07-28 13:44:56,137 [  45360]   INFO - tellij.psi.stubs.StubIndexImpl - Following stub indices will be built:dom.namespaceKey(v = 1),dom.elementClass(v = 0),properties.index(v = 2),gr.class.fqn(v = 1),gr.script.fqn(v = 2),gr.field.name(v = 2),gr.method.name(v = 2),gr.annot.method.name(v = 2),gr.annot.members(v = 2),gr.script.class(v = 2),gr.class.super(v = 2),gr.anonymous.class(v = 3),markdown.header(v = 2),org.jetbrains.kotlin.idea.stubindex.KotlinExactPackagesIndex(v = 2),org.jetbrains.kotlin.idea.stubindex.KotlinTopLevelClassByPackageIndex(v = 2),org.jetbrains.kotlin.idea.stubindex.KotlinTopLevelFunctionByPackageIndex(v = 2),org.jetbrains.kotlin.idea.stubindex.KotlinTopLevelPropertyByPackageIndex(v = 2),org.jetbrains.kotlin.idea.stubindex.KotlinTopLevelTypeAliasByPackageIndex(v = 2),org.jetbrains.kotlin.idea.stubindex.KotlinClassShortNameIndex(v = 2),org.jetbrains.kotlin.idea.stubindex.KotlinFullClassNameIndex(v = 2),org.jetbrains.kotlin.idea.stubindex.KotlinPropertyShortNameIndex(v = 2),org.jetbrains.kotlin.idea.stubindex.KotlinFunctionShortNameIndex(v = 2),org.jetbrains.kotlin.idea.stubindex.KotlinTypeAliasShortNameIndex(v = 2),org.jetbrains.kotlin.idea.stubindex.KotlinSuperClassIndex(v = 2),org.jetbrains.kotlin.idea.stubindex.KotlinTopLevelFunctionFqnNameIndex(v = 2),org.jetbrains.kotlin.idea.stubindex.KotlinTopLevelPropertyFqnNameIndex(v = 2),org.jetbrains.kotlin.idea.stubindex.KotlinTopLevelTypeAliasFqNameIndex(v = 2),org.jetbrains.kotlin.idea.stubindex.KotlinTopLevelExtensionsByReceiverTypeIndex(v = 3),org.jetbrains.kotlin.idea.stubindex.KotlinExtensionsInObjectsByReceiverTypeIndex(v = 2),org.jetbrains.kotlin.idea.stubindex.KotlinAnnotationsIndex(v = 3),org.jetbrains.kotlin.idea.stubindex.KotlinJvmNameAnnotationIndex(v = 2),org.jetbrains.kotlin.idea.stubindex.KotlinProbablyNothingFunctionShortNameIndex(v = 2),org.jetbrains.kotlin.idea.stubindex.KotlinProbablyNothingPropertyShortNameIndex(v = 2),org.jetbrains.kotlin.idea.stubindex.KotlinProbablyContractedFunctionShortNameIndex(v = 2),org.jetbrains.kotlin.idea.stubindex.KotlinFileFacadeFqNameIndex(v = 2),org.jetbrains.kotlin.idea.stubindex.KotlinFilePartClassIndex(v = 2),org.jetbrains.kotlin.idea.stubindex.KotlinFileFacadeClassByPackageIndex(v = 2),org.jetbrains.kotlin.idea.stubindex.KotlinFileFacadeShortNameIndex(v = 2),org.jetbrains.kotlin.idea.stubindex.KotlinMultifileClassPartIndex(v = 2),org.jetbrains.kotlin.idea.stubindex.KotlinScriptFqnIndex(v = 2),org.jetbrains.kotlin.idea.stubindex.KotlinTypeAliasByExpansionShortNameIndex(v = 2),org.jetbrains.kotlin.idea.stubindex.KotlinOverridableInternalMembersShortNameIndex(v = 2),java.annotations(v = 2),java.class.extlist(v = 3),java.field.name(v = 2),java.method.name(v = 2),jvm.static.member.name(v = 2),jvm.static.member.type(v = 2),java.anonymous.baseref(v = 2),java.method.parameter.types(v = 3),java.class.shortname(v = 4),java.class.fqn(v = 1),java.module.name(v = 4) 
2021-07-28 13:44:56,217 [  45440]   INFO - exImpl$StubIndexInitialization - Index data initialization done: 322 ms. Initialized stub indexes: {gr.annot.method.name, java.anonymous.baseref, org.jetbrains.kotlin.idea.stubindex.KotlinProbablyNothingPropertyShortNameIndex, org.jetbrains.kotlin.idea.stubindex.KotlinTopLevelFunctionByPackageIndex, org.jetbrains.kotlin.idea.stubindex.KotlinTopLevelPropertyByPackageIndex, org.jetbrains.kotlin.idea.stubindex.KotlinOverridableInternalMembersShortNameIndex, gr.annot.members, org.jetbrains.kotlin.idea.stubindex.KotlinScriptFqnIndex, gr.method.name, java.method.parameter.types, dom.namespaceKey, jvm.static.member.type, dom.elementClass, java.class.shortname, java.field.name, gr.anonymous.class, java.module.name, org.jetbrains.kotlin.idea.stubindex.KotlinFullClassNameIndex, markdown.header, org.jetbrains.kotlin.idea.stubindex.KotlinFileFacadeClassByPackageIndex, org.jetbrains.kotlin.idea.stubindex.KotlinFilePartClassIndex, gr.class.super, properties.index, org.jetbrains.kotlin.idea.stubindex.KotlinFileFacadeShortNameIndex, java.class.extlist, java.class.fqn, gr.script.fqn, gr.class.fqn, java.method.name, jvm.static.member.name, java.annotations, gr.field.name, org.jetbrains.kotlin.idea.stubindex.KotlinMultifileClassPartIndex, gr.script.class, org.jetbrains.kotlin.idea.stubindex.KotlinJvmNameAnnotationIndex, org.jetbrains.kotlin.idea.stubindex.KotlinExactPackagesIndex, org.jetbrains.kotlin.idea.stubindex.KotlinTopLevelTypeAliasByPackageIndex, org.jetbrains.kotlin.idea.stubindex.KotlinProbablyContractedFunctionShortNameIndex, org.jetbrains.kotlin.idea.stubindex.KotlinFileFacadeFqNameIndex, org.jetbrains.kotlin.idea.stubindex.KotlinTopLevelClassByPackageIndex, org.jetbrains.kotlin.idea.stubindex.KotlinTypeAliasShortNameIndex, org.jetbrains.kotlin.idea.stubindex.KotlinFunctionShortNameIndex, org.jetbrains.kotlin.idea.stubindex.KotlinSuperClassIndex, org.jetbrains.kotlin.idea.stubindex.KotlinPropertyShortNameIndex, org.jetbrains.kotlin.idea.stubindex.KotlinClassShortNameIndex, org.jetbrains.kotlin.idea.stubindex.KotlinProbablyNothingFunctionShortNameIndex, org.jetbrains.kotlin.idea.stubindex.KotlinAnnotationsIndex, org.jetbrains.kotlin.idea.stubindex.KotlinTopLevelFunctionFqnNameIndex, org.jetbrains.kotlin.idea.stubindex.KotlinTopLevelPropertyFqnNameIndex, org.jetbrains.kotlin.idea.stubindex.KotlinTopLevelTypeAliasFqNameIndex, org.jetbrains.kotlin.idea.stubindex.KotlinExtensionsInObjectsByReceiverTypeIndex, org.jetbrains.kotlin.idea.stubindex.KotlinTopLevelExtensionsByReceiverTypeIndex, org.jetbrains.kotlin.idea.stubindex.KotlinTypeAliasByExpansionShortNameIndex}. 
2021-07-28 13:44:56,362 [  45585]   INFO - dea.updater.SdkComponentSource - Downloading https://dl.google.com/android/repository/sys-img/android/sys-img2-1.xml 
2021-07-28 13:44:56,362 [  45585]   INFO - dea.updater.SdkComponentSource - Downloading https://dl.google.com/android/repository/sys-img/android-automotive/sys-img2-1.xml 
2021-07-28 13:44:56,391 [  45614]   INFO - dea.updater.SdkComponentSource - Downloading https://dl.google.com/android/repository/sys-img/android-wear/sys-img2-1.xml 
2021-07-28 13:44:56,391 [  45614]   INFO - dea.updater.SdkComponentSource - Downloading https://dl.google.com/android/repository/sys-img/android-wear-cn/sys-img2-1.xml 
2021-07-28 13:44:56,391 [  45614]   INFO - dea.updater.SdkComponentSource - Downloading https://dl.google.com/android/repository/sys-img/android-tv/sys-img2-1.xml 
2021-07-28 13:44:56,392 [  45615]   INFO - dea.updater.SdkComponentSource - Downloading https://dl.google.com/android/repository/sys-img/google-tv/sys-img2-1.xml 
2021-07-28 13:44:56,395 [  45618]   INFO - dea.updater.SdkComponentSource - Downloading https://dl.google.com/android/repository/sys-img/google_apis/sys-img2-1.xml 
2021-07-28 13:44:56,395 [  45618]   INFO - dea.updater.SdkComponentSource - Downloading https://dl.google.com/android/repository/sys-img/google_apis_playstore/sys-img2-1.xml 
2021-07-28 13:44:56,395 [  45618]   INFO - dea.updater.SdkComponentSource - Downloading https://dl.google.com/android/repository/addon2-1.xml 
2021-07-28 13:44:56,396 [  45619]   INFO - dea.updater.SdkComponentSource - Downloading https://dl.google.com/android/repository/glass/addon2-1.xml 
2021-07-28 13:44:56,397 [  45620]   INFO - dea.updater.SdkComponentSource - Downloading https://dl.google.com/android/repository/extras/intel/addon2-1.xml 
2021-07-28 13:44:56,397 [  45620]   INFO - dea.updater.SdkComponentSource - Downloading https://dl.google.com/android/repository/repository2-1.xml 
2021-07-28 13:44:57,482 [  46705]   WARN - ctionSystem.impl.ActionUpdater - 1529 ms to expand group child null 
2021-07-28 13:45:02,714 [  51937]   INFO - oader.EventLogExternalUploader - Started external process for uploading event log 
2021-07-28 13:45:03,103 [  52326]   INFO - ication.options.PathMacrosImpl - Saved path macros: {MAVEN_REPOSITORY=/home/praveen/.m2/repository, KOTLIN_BUNDLED=/home/praveen/.gradle/caches/modules-2/files-2.1/com.jetbrains.intellij.idea/ideaIC/2021.2/b0727ceddea2b62b16825db9308e14a470198e7f/ideaIC-2021.2/plugins/Kotlin/kotlinc} 
2021-07-28 13:45:03,128 [  52351]   INFO - rationStore.ComponentStoreImpl - Saving appCodeInsightSettings took 53 ms, FileTypeManager took 13 ms, HttpConfigurable took 20 ms, PluginAdvertiserExtensions took 16 ms 
2021-07-28 13:45:03,817 [  53040]   INFO - pl.local.NativeFileWatcherImpl - Watcher terminated with exit code 0 
2021-07-28 13:45:03,821 [  53044]   INFO - org.jetbrains.io.BuiltInServer - web server stopped 
2021-07-28 13:45:03,844 [  53067]   INFO - .impl.FileTypeDetectionService - 0 auto-detected files. Detection took 0 ms 
2021-07-28 13:45:03,847 [  53070]   INFO - il.indexing.FileBasedIndexImpl - START INDEX SHUTDOWN 
2021-07-28 13:45:03,897 [  53120]   INFO - tellij.psi.stubs.StubIndexImpl - StubIndexExtension-s were unloaded 
2021-07-28 13:45:03,958 [  53181]   INFO - il.indexing.FileBasedIndexImpl - END INDEX SHUTDOWN 
2021-07-28 13:45:03,958 [  53181]   INFO - newvfs.persistent.PersistentFS - VFS dispose started 
2021-07-28 13:45:03,960 [  53183]   INFO - newvfs.persistent.PersistentFS - VFS dispose completed 
2021-07-28 13:45:03,960 [  53183]   INFO - stubs.SerializationManagerImpl - Start shutting down /home/praveen/IdeaProjects/footwear_shop/build/idea-sandbox/system/index/rep.names 
2021-07-28 13:45:03,961 [  53184]   INFO - stubs.SerializationManagerImpl - Finished shutting down /home/praveen/IdeaProjects/footwear_shop/build/idea-sandbox/system/index/rep.names 
2021-07-28 13:45:04,141 [  53364]   INFO -        #com.intellij.idea.Main - ------------------------------------------------------ IDE SHUTDOWN ------------------------------------------------------ 
2021-07-28 13:45:04,144 [  53367]   INFO - org.jetbrains.io.BuiltInServer - web server stopped 
